here0...
hey you...
here 2 ... 

c_pads[0]
0x77 0x6a 0x73 0x7e 0xf0 0x82 0xcc 0xfc 0x26 0x0d 0xf1 0x37 0xf1 

pad[0][0]
0x77 0x6a 0x73 0x7e 0xf0 0x82 0xcc 0xfc 0x26 0x0d 0xf1 0x37 0xf1 
i=0
Should KEY
0xc5 0x88 0xc4 0xb0 0xb2 0x76 0x96 0x00 0x4f 0x0e 0x88 0xba 0xd4 

c_Key
0xc5 0x88 0xc4 0xb0 0xb2 0x76 0x96 0x00 0x4f 0x0e 0x88 0xba 0xd4 


i=1
Should KEY
0xba 0x48 0x02 0xdc 0x32 0xe8 0x36 0x97 0x3f 0xe7 0xab 0xdc 0x1f 

c_Key
0xba 0x48 0x02 0xdc 0x32 0xe8 0x36 0x97 0x3f 0xe7 0xab 0xdc 0x1f 


i=2
Should KEY
0x11 0x4f 0x87 0x07 0x40 0x69 0x47 0xea 0x5b 0xb9 0x0a 0xe6 0xb7 

c_Key
0x11 0x4f 0x87 0x07 0x40 0x69 0x47 0xea 0x5b 0xb9 0x0a 0xe6 0xb7 


i=3
Should KEY
0x28 0x26 0x1e 0xd9 0xc9 0x39 0x0e 0x5e 0xcd 0x4c 0x03 0x60 0x85 

c_Key
0x28 0x26 0x1e 0xd9 0xc9 0x39 0x0e 0x5e 0xcd 0x4c 0x03 0x60 0x85 


i=4
Should KEY
0x3a 0xc1 0x65 0x54 0x95 0x8d 0x23 0xba 0xe9 0xb1 0xa7 0x06 0xdd 

c_Key
0x3a 0xc1 0x65 0x54 0x95 0x8d 0x23 0xba 0xe9 0xb1 0xa7 0x06 0xdd 


